<?xml version="1.0" encoding="UTF-8"?>
<testsuite xmlns:xsi="http://www.w3.org/2001/XMLSchema-instance" xsi:noNamespaceSchemaLocation="https://maven.apache.org/surefire/maven-surefire-plugin/xsd/surefire-test-report-3.0.xsd" version="3.0" name="TestSuite" time="100.623" tests="2" errors="0" skipped="0" failures="0">
  <properties>
    <property name="java.specification.version" value="20"/>
    <property name="sun.jnu.encoding" value="UTF-8"/>
    <property name="java.class.path" value="/Users/soorajhome/eclipse-workspace/selenium-tests-auto-scaling/target/test-classes:/Users/soorajhome/eclipse-workspace/selenium-tests-auto-scaling/target/classes:/Users/soorajhome/.m2/repository/org/testng/testng/7.6.0/testng-7.6.0.jar:/Users/soorajhome/.m2/repository/com/google/code/findbugs/jsr305/3.0.2/jsr305-3.0.2.jar:/Users/soorajhome/.m2/repository/org/slf4j/slf4j-api/1.7.36/slf4j-api-1.7.36.jar:/Users/soorajhome/.m2/repository/com/beust/jcommander/1.82/jcommander-1.82.jar:/Users/soorajhome/.m2/repository/org/webjars/jquery/3.6.0/jquery-3.6.0.jar:/Users/soorajhome/.m2/repository/org/seleniumhq/selenium/selenium-java/4.9.0/selenium-java-4.9.0.jar:/Users/soorajhome/.m2/repository/org/seleniumhq/selenium/selenium-api/4.9.0/selenium-api-4.9.0.jar:/Users/soorajhome/.m2/repository/org/seleniumhq/selenium/selenium-chrome-driver/4.9.0/selenium-chrome-driver-4.9.0.jar:/Users/soorajhome/.m2/repository/com/google/auto/service/auto-service-annotations/1.0.1/auto-service-annotations-1.0.1.jar:/Users/soorajhome/.m2/repository/com/google/auto/service/auto-service/1.0.1/auto-service-1.0.1.jar:/Users/soorajhome/.m2/repository/com/google/auto/auto-common/1.2/auto-common-1.2.jar:/Users/soorajhome/.m2/repository/com/google/guava/guava/31.1-jre/guava-31.1-jre.jar:/Users/soorajhome/.m2/repository/com/google/guava/failureaccess/1.0.1/failureaccess-1.0.1.jar:/Users/soorajhome/.m2/repository/com/google/guava/listenablefuture/9999.0-empty-to-avoid-conflict-with-guava/listenablefuture-9999.0-empty-to-avoid-conflict-with-guava.jar:/Users/soorajhome/.m2/repository/org/checkerframework/checker-qual/3.12.0/checker-qual-3.12.0.jar:/Users/soorajhome/.m2/repository/com/google/errorprone/error_prone_annotations/2.11.0/error_prone_annotations-2.11.0.jar:/Users/soorajhome/.m2/repository/com/google/j2objc/j2objc-annotations/1.3/j2objc-annotations-1.3.jar:/Users/soorajhome/.m2/repository/org/seleniumhq/selenium/selenium-chromium-driver/4.9.0/selenium-chromium-driver-4.9.0.jar:/Users/soorajhome/.m2/repository/org/seleniumhq/selenium/selenium-json/4.9.0/selenium-json-4.9.0.jar:/Users/soorajhome/.m2/repository/org/seleniumhq/selenium/selenium-manager/4.9.0/selenium-manager-4.9.0.jar:/Users/soorajhome/.m2/repository/org/seleniumhq/selenium/selenium-devtools-v110/4.9.0/selenium-devtools-v110-4.9.0.jar:/Users/soorajhome/.m2/repository/org/seleniumhq/selenium/selenium-devtools-v111/4.9.0/selenium-devtools-v111-4.9.0.jar:/Users/soorajhome/.m2/repository/org/seleniumhq/selenium/selenium-devtools-v112/4.9.0/selenium-devtools-v112-4.9.0.jar:/Users/soorajhome/.m2/repository/org/seleniumhq/selenium/selenium-devtools-v85/4.9.0/selenium-devtools-v85-4.9.0.jar:/Users/soorajhome/.m2/repository/org/seleniumhq/selenium/selenium-edge-driver/4.9.0/selenium-edge-driver-4.9.0.jar:/Users/soorajhome/.m2/repository/org/seleniumhq/selenium/selenium-firefox-driver/4.9.0/selenium-firefox-driver-4.9.0.jar:/Users/soorajhome/.m2/repository/org/seleniumhq/selenium/selenium-http/4.9.0/selenium-http-4.9.0.jar:/Users/soorajhome/.m2/repository/dev/failsafe/failsafe/3.3.1/failsafe-3.3.1.jar:/Users/soorajhome/.m2/repository/org/seleniumhq/selenium/selenium-ie-driver/4.9.0/selenium-ie-driver-4.9.0.jar:/Users/soorajhome/.m2/repository/org/seleniumhq/selenium/selenium-remote-driver/4.9.0/selenium-remote-driver-4.9.0.jar:/Users/soorajhome/.m2/repository/io/netty/netty-buffer/4.1.91.Final/netty-buffer-4.1.91.Final.jar:/Users/soorajhome/.m2/repository/io/netty/netty-codec-http/4.1.91.Final/netty-codec-http-4.1.91.Final.jar:/Users/soorajhome/.m2/repository/io/netty/netty-codec/4.1.91.Final/netty-codec-4.1.91.Final.jar:/Users/soorajhome/.m2/repository/io/netty/netty-handler/4.1.91.Final/netty-handler-4.1.91.Final.jar:/Users/soorajhome/.m2/repository/io/netty/netty-common/4.1.91.Final/netty-common-4.1.91.Final.jar:/Users/soorajhome/.m2/repository/io/netty/netty-transport-classes-epoll/4.1.91.Final/netty-transport-classes-epoll-4.1.91.Final.jar:/Users/soorajhome/.m2/repository/io/netty/netty-transport-classes-kqueue/4.1.91.Final/netty-transport-classes-kqueue-4.1.91.Final.jar:/Users/soorajhome/.m2/repository/io/netty/netty-transport-native-epoll/4.1.91.Final/netty-transport-native-epoll-4.1.91.Final.jar:/Users/soorajhome/.m2/repository/io/netty/netty-transport-native-kqueue/4.1.91.Final/netty-transport-native-kqueue-4.1.91.Final.jar:/Users/soorajhome/.m2/repository/io/netty/netty-transport-native-unix-common/4.1.91.Final/netty-transport-native-unix-common-4.1.91.Final.jar:/Users/soorajhome/.m2/repository/io/netty/netty-transport/4.1.91.Final/netty-transport-4.1.91.Final.jar:/Users/soorajhome/.m2/repository/io/netty/netty-resolver/4.1.91.Final/netty-resolver-4.1.91.Final.jar:/Users/soorajhome/.m2/repository/io/opentelemetry/opentelemetry-api/1.25.0/opentelemetry-api-1.25.0.jar:/Users/soorajhome/.m2/repository/io/opentelemetry/opentelemetry-context/1.25.0/opentelemetry-context-1.25.0.jar:/Users/soorajhome/.m2/repository/io/opentelemetry/opentelemetry-exporter-logging/1.25.0/opentelemetry-exporter-logging-1.25.0.jar:/Users/soorajhome/.m2/repository/io/opentelemetry/opentelemetry-sdk-metrics/1.25.0/opentelemetry-sdk-metrics-1.25.0.jar:/Users/soorajhome/.m2/repository/io/opentelemetry/opentelemetry-sdk-logs/1.25.0-alpha/opentelemetry-sdk-logs-1.25.0-alpha.jar:/Users/soorajhome/.m2/repository/io/opentelemetry/opentelemetry-api-logs/1.25.0-alpha/opentelemetry-api-logs-1.25.0-alpha.jar:/Users/soorajhome/.m2/repository/io/opentelemetry/opentelemetry-api-events/1.25.0-alpha/opentelemetry-api-events-1.25.0-alpha.jar:/Users/soorajhome/.m2/repository/io/opentelemetry/opentelemetry-sdk-common/1.25.0/opentelemetry-sdk-common-1.25.0.jar:/Users/soorajhome/.m2/repository/io/opentelemetry/opentelemetry-sdk-extension-autoconfigure-spi/1.25.0/opentelemetry-sdk-extension-autoconfigure-spi-1.25.0.jar:/Users/soorajhome/.m2/repository/io/opentelemetry/opentelemetry-sdk-extension-autoconfigure/1.25.0-alpha/opentelemetry-sdk-extension-autoconfigure-1.25.0-alpha.jar:/Users/soorajhome/.m2/repository/io/opentelemetry/opentelemetry-sdk-trace/1.25.0/opentelemetry-sdk-trace-1.25.0.jar:/Users/soorajhome/.m2/repository/io/opentelemetry/opentelemetry-sdk/1.25.0/opentelemetry-sdk-1.25.0.jar:/Users/soorajhome/.m2/repository/io/opentelemetry/opentelemetry-semconv/1.25.0-alpha/opentelemetry-semconv-1.25.0-alpha.jar:/Users/soorajhome/.m2/repository/io/ous/jtoml/2.0.0/jtoml-2.0.0.jar:/Users/soorajhome/.m2/repository/net/bytebuddy/byte-buddy/1.14.4/byte-buddy-1.14.4.jar:/Users/soorajhome/.m2/repository/org/apache/commons/commons-exec/1.3/commons-exec-1.3.jar:/Users/soorajhome/.m2/repository/org/asynchttpclient/async-http-client/2.12.3/async-http-client-2.12.3.jar:/Users/soorajhome/.m2/repository/org/asynchttpclient/async-http-client-netty-utils/2.12.3/async-http-client-netty-utils-2.12.3.jar:/Users/soorajhome/.m2/repository/io/netty/netty-codec-socks/4.1.60.Final/netty-codec-socks-4.1.60.Final.jar:/Users/soorajhome/.m2/repository/io/netty/netty-handler-proxy/4.1.60.Final/netty-handler-proxy-4.1.60.Final.jar:/Users/soorajhome/.m2/repository/io/netty/netty-transport-native-epoll/4.1.60.Final/netty-transport-native-epoll-4.1.60.Final-linux-x86_64.jar:/Users/soorajhome/.m2/repository/io/netty/netty-transport-native-kqueue/4.1.60.Final/netty-transport-native-kqueue-4.1.60.Final-osx-x86_64.jar:/Users/soorajhome/.m2/repository/com/typesafe/netty/netty-reactive-streams/2.0.4/netty-reactive-streams-2.0.4.jar:/Users/soorajhome/.m2/repository/com/sun/activation/jakarta.activation/1.2.2/jakarta.activation-1.2.2.jar:/Users/soorajhome/.m2/repository/org/seleniumhq/selenium/selenium-safari-driver/4.9.0/selenium-safari-driver-4.9.0.jar:/Users/soorajhome/.m2/repository/org/seleniumhq/selenium/selenium-support/4.9.0/selenium-support-4.9.0.jar:/Users/soorajhome/.m2/repository/com/graphql-java/graphql-java/20.4/graphql-java-20.4.jar:/Users/soorajhome/.m2/repository/com/graphql-java/java-dataloader/3.2.0/java-dataloader-3.2.0.jar:/Users/soorajhome/.m2/repository/org/reactivestreams/reactive-streams/1.0.3/reactive-streams-1.0.3.jar:/Users/soorajhome/.m2/repository/com/squareup/okhttp3/okhttp/4.9.1/okhttp-4.9.1.jar:/Users/soorajhome/.m2/repository/com/squareup/okio/okio/2.8.0/okio-2.8.0.jar:/Users/soorajhome/.m2/repository/org/jetbrains/kotlin/kotlin-stdlib-common/1.4.0/kotlin-stdlib-common-1.4.0.jar:/Users/soorajhome/.m2/repository/org/jetbrains/kotlin/kotlin-stdlib/1.4.10/kotlin-stdlib-1.4.10.jar:/Users/soorajhome/.m2/repository/org/jetbrains/annotations/13.0/annotations-13.0.jar:/Users/soorajhome/.m2/repository/org/json/json/20230618/json-20230618.jar:/Users/soorajhome/.m2/repository/com/github/mwiede/jsch/0.2.9/jsch-0.2.9.jar:"/>
    <property name="java.vm.vendor" value="Homebrew"/>
    <property name="sun.arch.data.model" value="64"/>
    <property name="java.vendor.url" value="https://github.com/Homebrew/homebrew-core/issues"/>
    <property name="user.timezone" value="Asia/Kolkata"/>
    <property name="os.name" value="Mac OS X"/>
    <property name="java.vm.specification.version" value="20"/>
    <property name="sun.java.launcher" value="SUN_STANDARD"/>
    <property name="user.country" value="IN"/>
    <property name="sun.boot.library.path" value="/usr/local/Cellar/openjdk/20.0.1/libexec/openjdk.jdk/Contents/Home/lib"/>
    <property name="sun.java.command" value="/Users/soorajhome/eclipse-workspace/selenium-tests-auto-scaling/target/surefire/surefirebooter-20230709182803585_3.jar /Users/soorajhome/eclipse-workspace/selenium-tests-auto-scaling/target/surefire 2023-07-09T18-28-03_320-jvmRun1 surefire-20230709182803585_1tmp surefire_0-20230709182803585_2tmp"/>
    <property name="http.nonProxyHosts" value="local|*.local|169.254/16|*.169.254/16"/>
    <property name="jdk.debug" value="release"/>
    <property name="surefire.test.class.path" value="/Users/soorajhome/eclipse-workspace/selenium-tests-auto-scaling/target/test-classes:/Users/soorajhome/eclipse-workspace/selenium-tests-auto-scaling/target/classes:/Users/soorajhome/.m2/repository/org/testng/testng/7.6.0/testng-7.6.0.jar:/Users/soorajhome/.m2/repository/com/google/code/findbugs/jsr305/3.0.2/jsr305-3.0.2.jar:/Users/soorajhome/.m2/repository/org/slf4j/slf4j-api/1.7.36/slf4j-api-1.7.36.jar:/Users/soorajhome/.m2/repository/com/beust/jcommander/1.82/jcommander-1.82.jar:/Users/soorajhome/.m2/repository/org/webjars/jquery/3.6.0/jquery-3.6.0.jar:/Users/soorajhome/.m2/repository/org/seleniumhq/selenium/selenium-java/4.9.0/selenium-java-4.9.0.jar:/Users/soorajhome/.m2/repository/org/seleniumhq/selenium/selenium-api/4.9.0/selenium-api-4.9.0.jar:/Users/soorajhome/.m2/repository/org/seleniumhq/selenium/selenium-chrome-driver/4.9.0/selenium-chrome-driver-4.9.0.jar:/Users/soorajhome/.m2/repository/com/google/auto/service/auto-service-annotations/1.0.1/auto-service-annotations-1.0.1.jar:/Users/soorajhome/.m2/repository/com/google/auto/service/auto-service/1.0.1/auto-service-1.0.1.jar:/Users/soorajhome/.m2/repository/com/google/auto/auto-common/1.2/auto-common-1.2.jar:/Users/soorajhome/.m2/repository/com/google/guava/guava/31.1-jre/guava-31.1-jre.jar:/Users/soorajhome/.m2/repository/com/google/guava/failureaccess/1.0.1/failureaccess-1.0.1.jar:/Users/soorajhome/.m2/repository/com/google/guava/listenablefuture/9999.0-empty-to-avoid-conflict-with-guava/listenablefuture-9999.0-empty-to-avoid-conflict-with-guava.jar:/Users/soorajhome/.m2/repository/org/checkerframework/checker-qual/3.12.0/checker-qual-3.12.0.jar:/Users/soorajhome/.m2/repository/com/google/errorprone/error_prone_annotations/2.11.0/error_prone_annotations-2.11.0.jar:/Users/soorajhome/.m2/repository/com/google/j2objc/j2objc-annotations/1.3/j2objc-annotations-1.3.jar:/Users/soorajhome/.m2/repository/org/seleniumhq/selenium/selenium-chromium-driver/4.9.0/selenium-chromium-driver-4.9.0.jar:/Users/soorajhome/.m2/repository/org/seleniumhq/selenium/selenium-json/4.9.0/selenium-json-4.9.0.jar:/Users/soorajhome/.m2/repository/org/seleniumhq/selenium/selenium-manager/4.9.0/selenium-manager-4.9.0.jar:/Users/soorajhome/.m2/repository/org/seleniumhq/selenium/selenium-devtools-v110/4.9.0/selenium-devtools-v110-4.9.0.jar:/Users/soorajhome/.m2/repository/org/seleniumhq/selenium/selenium-devtools-v111/4.9.0/selenium-devtools-v111-4.9.0.jar:/Users/soorajhome/.m2/repository/org/seleniumhq/selenium/selenium-devtools-v112/4.9.0/selenium-devtools-v112-4.9.0.jar:/Users/soorajhome/.m2/repository/org/seleniumhq/selenium/selenium-devtools-v85/4.9.0/selenium-devtools-v85-4.9.0.jar:/Users/soorajhome/.m2/repository/org/seleniumhq/selenium/selenium-edge-driver/4.9.0/selenium-edge-driver-4.9.0.jar:/Users/soorajhome/.m2/repository/org/seleniumhq/selenium/selenium-firefox-driver/4.9.0/selenium-firefox-driver-4.9.0.jar:/Users/soorajhome/.m2/repository/org/seleniumhq/selenium/selenium-http/4.9.0/selenium-http-4.9.0.jar:/Users/soorajhome/.m2/repository/dev/failsafe/failsafe/3.3.1/failsafe-3.3.1.jar:/Users/soorajhome/.m2/repository/org/seleniumhq/selenium/selenium-ie-driver/4.9.0/selenium-ie-driver-4.9.0.jar:/Users/soorajhome/.m2/repository/org/seleniumhq/selenium/selenium-remote-driver/4.9.0/selenium-remote-driver-4.9.0.jar:/Users/soorajhome/.m2/repository/io/netty/netty-buffer/4.1.91.Final/netty-buffer-4.1.91.Final.jar:/Users/soorajhome/.m2/repository/io/netty/netty-codec-http/4.1.91.Final/netty-codec-http-4.1.91.Final.jar:/Users/soorajhome/.m2/repository/io/netty/netty-codec/4.1.91.Final/netty-codec-4.1.91.Final.jar:/Users/soorajhome/.m2/repository/io/netty/netty-handler/4.1.91.Final/netty-handler-4.1.91.Final.jar:/Users/soorajhome/.m2/repository/io/netty/netty-common/4.1.91.Final/netty-common-4.1.91.Final.jar:/Users/soorajhome/.m2/repository/io/netty/netty-transport-classes-epoll/4.1.91.Final/netty-transport-classes-epoll-4.1.91.Final.jar:/Users/soorajhome/.m2/repository/io/netty/netty-transport-classes-kqueue/4.1.91.Final/netty-transport-classes-kqueue-4.1.91.Final.jar:/Users/soorajhome/.m2/repository/io/netty/netty-transport-native-epoll/4.1.91.Final/netty-transport-native-epoll-4.1.91.Final.jar:/Users/soorajhome/.m2/repository/io/netty/netty-transport-native-kqueue/4.1.91.Final/netty-transport-native-kqueue-4.1.91.Final.jar:/Users/soorajhome/.m2/repository/io/netty/netty-transport-native-unix-common/4.1.91.Final/netty-transport-native-unix-common-4.1.91.Final.jar:/Users/soorajhome/.m2/repository/io/netty/netty-transport/4.1.91.Final/netty-transport-4.1.91.Final.jar:/Users/soorajhome/.m2/repository/io/netty/netty-resolver/4.1.91.Final/netty-resolver-4.1.91.Final.jar:/Users/soorajhome/.m2/repository/io/opentelemetry/opentelemetry-api/1.25.0/opentelemetry-api-1.25.0.jar:/Users/soorajhome/.m2/repository/io/opentelemetry/opentelemetry-context/1.25.0/opentelemetry-context-1.25.0.jar:/Users/soorajhome/.m2/repository/io/opentelemetry/opentelemetry-exporter-logging/1.25.0/opentelemetry-exporter-logging-1.25.0.jar:/Users/soorajhome/.m2/repository/io/opentelemetry/opentelemetry-sdk-metrics/1.25.0/opentelemetry-sdk-metrics-1.25.0.jar:/Users/soorajhome/.m2/repository/io/opentelemetry/opentelemetry-sdk-logs/1.25.0-alpha/opentelemetry-sdk-logs-1.25.0-alpha.jar:/Users/soorajhome/.m2/repository/io/opentelemetry/opentelemetry-api-logs/1.25.0-alpha/opentelemetry-api-logs-1.25.0-alpha.jar:/Users/soorajhome/.m2/repository/io/opentelemetry/opentelemetry-api-events/1.25.0-alpha/opentelemetry-api-events-1.25.0-alpha.jar:/Users/soorajhome/.m2/repository/io/opentelemetry/opentelemetry-sdk-common/1.25.0/opentelemetry-sdk-common-1.25.0.jar:/Users/soorajhome/.m2/repository/io/opentelemetry/opentelemetry-sdk-extension-autoconfigure-spi/1.25.0/opentelemetry-sdk-extension-autoconfigure-spi-1.25.0.jar:/Users/soorajhome/.m2/repository/io/opentelemetry/opentelemetry-sdk-extension-autoconfigure/1.25.0-alpha/opentelemetry-sdk-extension-autoconfigure-1.25.0-alpha.jar:/Users/soorajhome/.m2/repository/io/opentelemetry/opentelemetry-sdk-trace/1.25.0/opentelemetry-sdk-trace-1.25.0.jar:/Users/soorajhome/.m2/repository/io/opentelemetry/opentelemetry-sdk/1.25.0/opentelemetry-sdk-1.25.0.jar:/Users/soorajhome/.m2/repository/io/opentelemetry/opentelemetry-semconv/1.25.0-alpha/opentelemetry-semconv-1.25.0-alpha.jar:/Users/soorajhome/.m2/repository/io/ous/jtoml/2.0.0/jtoml-2.0.0.jar:/Users/soorajhome/.m2/repository/net/bytebuddy/byte-buddy/1.14.4/byte-buddy-1.14.4.jar:/Users/soorajhome/.m2/repository/org/apache/commons/commons-exec/1.3/commons-exec-1.3.jar:/Users/soorajhome/.m2/repository/org/asynchttpclient/async-http-client/2.12.3/async-http-client-2.12.3.jar:/Users/soorajhome/.m2/repository/org/asynchttpclient/async-http-client-netty-utils/2.12.3/async-http-client-netty-utils-2.12.3.jar:/Users/soorajhome/.m2/repository/io/netty/netty-codec-socks/4.1.60.Final/netty-codec-socks-4.1.60.Final.jar:/Users/soorajhome/.m2/repository/io/netty/netty-handler-proxy/4.1.60.Final/netty-handler-proxy-4.1.60.Final.jar:/Users/soorajhome/.m2/repository/io/netty/netty-transport-native-epoll/4.1.60.Final/netty-transport-native-epoll-4.1.60.Final-linux-x86_64.jar:/Users/soorajhome/.m2/repository/io/netty/netty-transport-native-kqueue/4.1.60.Final/netty-transport-native-kqueue-4.1.60.Final-osx-x86_64.jar:/Users/soorajhome/.m2/repository/com/typesafe/netty/netty-reactive-streams/2.0.4/netty-reactive-streams-2.0.4.jar:/Users/soorajhome/.m2/repository/com/sun/activation/jakarta.activation/1.2.2/jakarta.activation-1.2.2.jar:/Users/soorajhome/.m2/repository/org/seleniumhq/selenium/selenium-safari-driver/4.9.0/selenium-safari-driver-4.9.0.jar:/Users/soorajhome/.m2/repository/org/seleniumhq/selenium/selenium-support/4.9.0/selenium-support-4.9.0.jar:/Users/soorajhome/.m2/repository/com/graphql-java/graphql-java/20.4/graphql-java-20.4.jar:/Users/soorajhome/.m2/repository/com/graphql-java/java-dataloader/3.2.0/java-dataloader-3.2.0.jar:/Users/soorajhome/.m2/repository/org/reactivestreams/reactive-streams/1.0.3/reactive-streams-1.0.3.jar:/Users/soorajhome/.m2/repository/com/squareup/okhttp3/okhttp/4.9.1/okhttp-4.9.1.jar:/Users/soorajhome/.m2/repository/com/squareup/okio/okio/2.8.0/okio-2.8.0.jar:/Users/soorajhome/.m2/repository/org/jetbrains/kotlin/kotlin-stdlib-common/1.4.0/kotlin-stdlib-common-1.4.0.jar:/Users/soorajhome/.m2/repository/org/jetbrains/kotlin/kotlin-stdlib/1.4.10/kotlin-stdlib-1.4.10.jar:/Users/soorajhome/.m2/repository/org/jetbrains/annotations/13.0/annotations-13.0.jar:/Users/soorajhome/.m2/repository/org/json/json/20230618/json-20230618.jar:/Users/soorajhome/.m2/repository/com/github/mwiede/jsch/0.2.9/jsch-0.2.9.jar:"/>
    <property name="sun.cpu.endian" value="little"/>
    <property name="user.home" value="/Users/soorajhome"/>
    <property name="user.language" value="en"/>
    <property name="java.specification.vendor" value="Oracle Corporation"/>
    <property name="java.version.date" value="2023-04-18"/>
    <property name="java.home" value="/usr/local/Cellar/openjdk/20.0.1/libexec/openjdk.jdk/Contents/Home"/>
    <property name="file.separator" value="/"/>
    <property name="basedir" value="/Users/soorajhome/eclipse-workspace/selenium-tests-auto-scaling"/>
    <property name="java.vm.compressedOopsMode" value="Zero based"/>
    <property name="line.separator" value="&#10;"/>
    <property name="java.vm.specification.vendor" value="Oracle Corporation"/>
    <property name="java.specification.name" value="Java Platform API Specification"/>
    <property name="apple.awt.application.name" value="ForkedBooter"/>
    <property name="surefire.real.class.path" value="/Users/soorajhome/eclipse-workspace/selenium-tests-auto-scaling/target/surefire/surefirebooter-20230709182803585_3.jar"/>
    <property name="sun.management.compiler" value="HotSpot 64-Bit Tiered Compilers"/>
    <property name="ftp.nonProxyHosts" value="local|*.local|169.254/16|*.169.254/16"/>
    <property name="java.runtime.version" value="20.0.1"/>
    <property name="user.name" value="soorajhome"/>
    <property name="stdout.encoding" value="UTF-8"/>
    <property name="path.separator" value=":"/>
    <property name="otel.metrics.exporter" value="none"/>
    <property name="os.version" value="13.4"/>
    <property name="java.runtime.name" value="OpenJDK Runtime Environment"/>
    <property name="otel.traces.exporter" value="none"/>
    <property name="file.encoding" value="UTF-8"/>
    <property name="java.vm.name" value="OpenJDK 64-Bit Server VM"/>
    <property name="java.vendor.version" value="Homebrew"/>
    <property name="localRepository" value="/Users/soorajhome/.m2/repository"/>
    <property name="java.vendor.url.bug" value="https://github.com/Homebrew/homebrew-core/issues"/>
    <property name="java.io.tmpdir" value="/var/folders/ht/x3_q0krn0zbdpmhwn_8vtxn40000gn/T/"/>
    <property name="java.version" value="20.0.1"/>
    <property name="user.dir" value="/Users/soorajhome/eclipse-workspace/selenium-tests-auto-scaling"/>
    <property name="os.arch" value="x86_64"/>
    <property name="java.vm.specification.name" value="Java Virtual Machine Specification"/>
    <property name="native.encoding" value="UTF-8"/>
    <property name="java.library.path" value="/Users/soorajhome/Library/Java/Extensions:/Library/Java/Extensions:/Network/Library/Java/Extensions:/System/Library/Java/Extensions:/usr/lib/java:."/>
    <property name="java.vm.info" value="mixed mode, sharing"/>
    <property name="stderr.encoding" value="UTF-8"/>
    <property name="java.vendor" value="Homebrew"/>
    <property name="java.vm.version" value="20.0.1"/>
    <property name="sun.io.unicode.encoding" value="UnicodeBig"/>
    <property name="socksNonProxyHosts" value="local|*.local|169.254/16|*.169.254/16"/>
    <property name="java.class.version" value="64.0"/>
  </properties>
  <testcase name="chromeLatest" classname="selenium_tests.Chrome113" time="69.135">
    <system-out><![CDATA[Page title is: Google
Browser Version is:114.0.5735.133
Platform Name is:LINUX
Browser Name is:chrome
]]></system-out>
    <system-err><![CDATA[SLF4J: Failed to load class "org.slf4j.impl.StaticLoggerBinder".
SLF4J: Defaulting to no-operation (NOP) logger implementation
SLF4J: See http://www.slf4j.org/codes.html#StaticLoggerBinder for further details.
Jul 09, 2023 6:28:04 PM org.openqa.selenium.remote.tracing.opentelemetry.OpenTelemetryTracer createTracer
INFO: Using OpenTelemetry for tracing
]]></system-err>
  </testcase>
  <testcase name="chromeLatest" classname="selenium_tests.Chrome114" time="100.049">
    <system-out><![CDATA[Page title is: Online Shopping Site for Mobiles, Electronics, Furniture, Grocery, Lifestyle, Books & More. Best Offers!
Browser Version is:114.0.5735.133
Platform Name is:LINUX
Browser Name is:chrome
]]></system-out>
  </testcase>
</testsuite>