<?xml version="1.0" encoding="UTF-8"?>
<!-- Generated by org.testng.reporters.JUnitReportReporter -->
<testsuite hostname="Soorajs-MacBook-Pro.local" failures="0" tests="1" name="selenium_tests_auto_scaling.GetQueueSize" time="0.449" errors="0" timestamp="2023-07-09T18:25:09 IST" skipped="0">
  <testcase classname="selenium_tests_auto_scaling.GetQueueSize" name="getQueueSize" time="0.449"/>
  <system-out/>
</testsuite> <!-- selenium_tests_auto_scaling.GetQueueSize -->
