<?xml version="1.0" encoding="UTF-8"?>
<!-- Generated by org.testng.reporters.JUnitReportReporter -->
<testsuite hostname="Soorajs-MacBook-Pro.local" failures="0" tests="1" name="selenium_tests.Chrome114" time="100.050" errors="0" timestamp="2023-07-09T18:29:44 IST" skipped="0">
  <testcase classname="selenium_tests.Chrome114" name="chromeLatest" time="100.050"/>
  <system-out/>
</testsuite> <!-- selenium_tests.Chrome114 -->
